2025-03-12 12:45:02,498 - Organizer - INFO - File or Folder:WhatsApp Image 2023-11-20 at 11.59.40 AM.jpeg
2025-03-12 12:45:02,499 - Organizer - INFO - File or Folder:Telegram Desktop
2025-03-12 12:45:02,499 - Organizer - INFO - File or Folder:dave-ruck-OqaavL4MpJQ-unsplash.jpg
2025-03-12 12:45:02,501 - Organizer - INFO - File or Folder:spark-3.5.4-bin-hadoop3
2025-03-12 12:45:02,501 - Organizer - INFO - File or Folder:assignment_solution
2025-03-12 12:45:02,501 - Organizer - INFO - File or Folder:10th Marksheet.jpg
2025-03-12 12:45:02,502 - Organizer - INFO - File or Folder:bgvandonboardingdocuments
2025-03-12 12:45:02,502 - Organizer - INFO - File or Folder:IMG_4261.jpg
2025-03-12 12:45:02,502 - Organizer - INFO - File or Folder:10th Certificate.jpg
2025-03-12 12:45:02,502 - Organizer - INFO - File or Folder:PAN_Shivam.jpg
2025-03-12 12:45:02,503 - Organizer - INFO - File or Folder:Images
2025-03-12 12:45:02,503 - Organizer - INFO - File or Folder:set_assignments_solution
2025-03-12 12:45:02,503 - Organizer - INFO - File or Folder:11zon_compressed-PDF
2025-03-12 12:45:02,503 - Organizer - INFO - File or Folder:Others
2025-03-12 12:45:02,503 - Organizer - INFO - File or Folder:12th Certificate.jpg
2025-03-12 12:45:02,503 - Organizer - INFO - File or Folder:Archives
2025-03-12 12:45:02,503 - Organizer - INFO - File or Folder:Class Files
2025-03-12 12:45:02,503 - Organizer - INFO - File or Folder:sign.jpg
2025-03-12 12:45:02,503 - Organizer - INFO - File or Folder:list_assignment_solution
2025-03-12 12:45:02,503 - Organizer - INFO - File or Folder:Wallpapers
2025-03-12 12:45:02,503 - Organizer - INFO - File or Folder:csv_files
2025-03-12 12:45:02,503 - Organizer - INFO - File or Folder:Ex_Files_Python_Data_Analysis
2025-03-12 12:45:02,503 - Organizer - INFO - File or Folder:Signature (1).png
2025-03-12 12:45:02,504 - Organizer - INFO - File or Folder:29.12.23 Topic Modelling
2025-03-12 12:45:02,504 - Organizer - INFO - File or Folder:daniele-levis-pelusi-jTknOGI18us-unsplash.jpg
2025-03-12 12:45:02,504 - Organizer - INFO - File or Folder:assignment_solutions
2025-03-12 12:45:02,504 - Organizer - INFO - File or Folder:Documents
2025-03-12 12:45:02,504 - Organizer - INFO - File or Folder:IMG_8872.JPG
2025-03-12 12:45:02,504 - Organizer - INFO - File or Folder:12th Marksheet.jpg
2025-03-12 12:45:02,504 - Organizer - INFO - File or Folder:tuple_assignment_solution
2025-03-12 12:45:02,505 - Organizer - INFO - File or Folder:Signature.png
2025-03-12 12:45:02,505 - Organizer - INFO - File or Folder:sql_load
2025-03-12 12:45:02,505 - Organizer - INFO - File or Folder:sign-fotor-bg-remover-2023111995234.png
2025-03-12 13:45:49,762 - Organizer - INFO - Processing File or Folder:WhatsApp Image 2023-11-20 at 11.59.40 AM.jpeg
2025-03-12 13:45:49,763 - Organizer - INFO - Processing File or Folder:Telegram Desktop
2025-03-12 13:45:49,763 - Organizer - WARNING - Skipped (Not a file): Telegram Desktop
2025-03-12 13:45:49,763 - Organizer - INFO - Processing File or Folder:dave-ruck-OqaavL4MpJQ-unsplash.jpg
2025-03-12 13:45:49,763 - Organizer - INFO - Processing File or Folder:spark-3.5.4-bin-hadoop3
2025-03-12 13:45:49,763 - Organizer - WARNING - Skipped (Not a file): spark-3.5.4-bin-hadoop3
2025-03-12 13:45:49,763 - Organizer - INFO - Processing File or Folder:.DS_Store
2025-03-12 13:45:49,763 - Organizer - INFO - Processing File or Folder:assignment_solution
2025-03-12 13:45:49,763 - Organizer - WARNING - Skipped (Not a file): assignment_solution
2025-03-12 13:45:49,763 - Organizer - INFO - Processing File or Folder:10th Marksheet.jpg
2025-03-12 13:45:49,764 - Organizer - INFO - Processing File or Folder:bgvandonboardingdocuments
2025-03-12 13:45:49,764 - Organizer - WARNING - Skipped (Not a file): bgvandonboardingdocuments
2025-03-12 13:45:49,764 - Organizer - INFO - Processing File or Folder:IMG_4261.jpg
2025-03-12 13:45:49,764 - Organizer - INFO - Processing File or Folder:10th Certificate.jpg
2025-03-12 13:45:49,764 - Organizer - INFO - Processing File or Folder:PAN_Shivam.jpg
2025-03-12 13:45:49,764 - Organizer - INFO - Processing File or Folder:set_assignments_solution
2025-03-12 13:45:49,764 - Organizer - WARNING - Skipped (Not a file): set_assignments_solution
2025-03-12 13:45:49,764 - Organizer - INFO - Processing File or Folder:11zon_compressed-PDF
2025-03-12 13:45:49,764 - Organizer - WARNING - Skipped (Not a file): 11zon_compressed-PDF
2025-03-12 13:45:49,764 - Organizer - INFO - Processing File or Folder:Others
2025-03-12 13:45:49,764 - Organizer - WARNING - Skipped (Not a file): Others
2025-03-12 13:45:49,764 - Organizer - INFO - Processing File or Folder:12th Certificate.jpg
2025-03-12 13:45:49,764 - Organizer - INFO - Processing File or Folder:Archives
2025-03-12 13:45:49,764 - Organizer - WARNING - Skipped (Not a file): Archives
2025-03-12 13:45:49,764 - Organizer - INFO - Processing File or Folder:Class Files
2025-03-12 13:45:49,764 - Organizer - WARNING - Skipped (Not a file): Class Files
2025-03-12 13:45:49,764 - Organizer - INFO - Processing File or Folder:sign.jpg
2025-03-12 13:45:49,765 - Organizer - INFO - Processing File or Folder:list_assignment_solution
2025-03-12 13:45:49,765 - Organizer - WARNING - Skipped (Not a file): list_assignment_solution
2025-03-12 13:45:49,765 - Organizer - INFO - Processing File or Folder:Wallpapers
2025-03-12 13:45:49,765 - Organizer - WARNING - Skipped (Not a file): Wallpapers
2025-03-12 13:45:49,765 - Organizer - INFO - Processing File or Folder:csv_files
2025-03-12 13:45:49,765 - Organizer - WARNING - Skipped (Not a file): csv_files
2025-03-12 13:45:49,765 - Organizer - INFO - Processing File or Folder:Ex_Files_Python_Data_Analysis
2025-03-12 13:45:49,765 - Organizer - WARNING - Skipped (Not a file): Ex_Files_Python_Data_Analysis
2025-03-12 13:45:49,765 - Organizer - INFO - Processing File or Folder:Signature (1).png
2025-03-12 13:45:49,765 - Organizer - INFO - Processing File or Folder:29.12.23 Topic Modelling
2025-03-12 13:45:49,765 - Organizer - WARNING - Skipped (Not a file): 29.12.23 Topic Modelling
2025-03-12 13:45:49,765 - Organizer - INFO - Processing File or Folder:daniele-levis-pelusi-jTknOGI18us-unsplash.jpg
2025-03-12 13:45:49,765 - Organizer - INFO - Processing File or Folder:assignment_solutions
2025-03-12 13:45:49,765 - Organizer - WARNING - Skipped (Not a file): assignment_solutions
2025-03-12 13:45:49,765 - Organizer - INFO - Processing File or Folder:Documents
2025-03-12 13:45:49,765 - Organizer - WARNING - Skipped (Not a file): Documents
2025-03-12 13:45:49,765 - Organizer - INFO - Processing File or Folder:IMG_8872.JPG
2025-03-12 13:45:49,765 - Organizer - INFO - Processing File or Folder:12th Marksheet.jpg
2025-03-12 13:45:49,765 - Organizer - INFO - Processing File or Folder:tuple_assignment_solution
2025-03-12 13:45:49,765 - Organizer - WARNING - Skipped (Not a file): tuple_assignment_solution
2025-03-12 13:45:49,765 - Organizer - INFO - Processing File or Folder:Signature.png
2025-03-12 13:45:49,765 - Organizer - INFO - Processing File or Folder:sql_load
2025-03-12 13:45:49,765 - Organizer - WARNING - Skipped (Not a file): sql_load
2025-03-12 13:45:49,765 - Organizer - INFO - Processing File or Folder:sign-fotor-bg-remover-2023111995234.png
2025-03-12 13:45:49,766 - Organizer - INFO - ✅ Files organized successfully!
2025-03-12 21:04:49,746 - Organizer - INFO - Processing File or Folder:WhatsApp Image 2023-11-20 at 11.59.40 AM.jpeg
2025-03-12 21:04:49,746 - Organizer - INFO - Processing File or Folder:Telegram Desktop
2025-03-12 21:04:49,746 - Organizer - WARNING - Skipped (Not a file): Telegram Desktop
2025-03-12 21:04:49,747 - Organizer - INFO - Processing File or Folder:dave-ruck-OqaavL4MpJQ-unsplash.jpg
2025-03-12 21:04:49,747 - Organizer - INFO - Processing File or Folder:spark-3.5.4-bin-hadoop3
2025-03-12 21:04:49,747 - Organizer - WARNING - Skipped (Not a file): spark-3.5.4-bin-hadoop3
2025-03-12 21:04:49,747 - Organizer - INFO - Processing File or Folder:.DS_Store
2025-03-12 21:04:49,747 - Organizer - INFO - Processing File or Folder:assignment_solution
2025-03-12 21:04:49,747 - Organizer - WARNING - Skipped (Not a file): assignment_solution
2025-03-12 21:04:49,747 - Organizer - INFO - Processing File or Folder:10th Marksheet.jpg
2025-03-12 21:04:49,747 - Organizer - INFO - Processing File or Folder:bgvandonboardingdocuments
2025-03-12 21:04:49,747 - Organizer - WARNING - Skipped (Not a file): bgvandonboardingdocuments
2025-03-12 21:04:49,747 - Organizer - INFO - Processing File or Folder:IMG_4261.jpg
2025-03-12 21:04:49,747 - Organizer - INFO - Processing File or Folder:10th Certificate.jpg
2025-03-12 21:04:49,747 - Organizer - INFO - Processing File or Folder:PAN_Shivam.jpg
2025-03-12 21:04:49,747 - Organizer - INFO - Processing File or Folder:set_assignments_solution
2025-03-12 21:04:49,747 - Organizer - WARNING - Skipped (Not a file): set_assignments_solution
2025-03-12 21:04:49,747 - Organizer - INFO - Processing File or Folder:11zon_compressed-PDF
2025-03-12 21:04:49,747 - Organizer - WARNING - Skipped (Not a file): 11zon_compressed-PDF
2025-03-12 21:04:49,747 - Organizer - INFO - Processing File or Folder:Others
2025-03-12 21:04:49,747 - Organizer - WARNING - Skipped (Not a file): Others
2025-03-12 21:04:49,747 - Organizer - INFO - Processing File or Folder:12th Certificate.jpg
2025-03-12 21:04:49,747 - Organizer - INFO - Processing File or Folder:Archives
2025-03-12 21:04:49,747 - Organizer - WARNING - Skipped (Not a file): Archives
2025-03-12 21:04:49,747 - Organizer - INFO - Processing File or Folder:Class Files
2025-03-12 21:04:49,747 - Organizer - WARNING - Skipped (Not a file): Class Files
2025-03-12 21:04:49,747 - Organizer - INFO - Processing File or Folder:sign.jpg
2025-03-12 21:04:49,747 - Organizer - INFO - Processing File or Folder:list_assignment_solution
2025-03-12 21:04:49,747 - Organizer - WARNING - Skipped (Not a file): list_assignment_solution
2025-03-12 21:04:49,747 - Organizer - INFO - Processing File or Folder:Wallpapers
2025-03-12 21:04:49,747 - Organizer - WARNING - Skipped (Not a file): Wallpapers
2025-03-12 21:04:49,747 - Organizer - INFO - Processing File or Folder:csv_files
2025-03-12 21:04:49,747 - Organizer - WARNING - Skipped (Not a file): csv_files
2025-03-12 21:04:49,747 - Organizer - INFO - Processing File or Folder:Ex_Files_Python_Data_Analysis
2025-03-12 21:04:49,747 - Organizer - WARNING - Skipped (Not a file): Ex_Files_Python_Data_Analysis
2025-03-12 21:04:49,747 - Organizer - INFO - Processing File or Folder:Signature (1).png
2025-03-12 21:04:49,747 - Organizer - INFO - Processing File or Folder:29.12.23 Topic Modelling
2025-03-12 21:04:49,747 - Organizer - WARNING - Skipped (Not a file): 29.12.23 Topic Modelling
2025-03-12 21:04:49,747 - Organizer - INFO - Processing File or Folder:daniele-levis-pelusi-jTknOGI18us-unsplash.jpg
2025-03-12 21:04:49,747 - Organizer - INFO - Processing File or Folder:assignment_solutions
2025-03-12 21:04:49,747 - Organizer - WARNING - Skipped (Not a file): assignment_solutions
2025-03-12 21:04:49,747 - Organizer - INFO - Processing File or Folder:Documents
2025-03-12 21:04:49,747 - Organizer - WARNING - Skipped (Not a file): Documents
2025-03-12 21:04:49,747 - Organizer - INFO - Processing File or Folder:IMG_8872.JPG
2025-03-12 21:04:49,747 - Organizer - INFO - Processing File or Folder:12th Marksheet.jpg
2025-03-12 21:04:49,748 - Organizer - INFO - Processing File or Folder:tuple_assignment_solution
2025-03-12 21:04:49,748 - Organizer - WARNING - Skipped (Not a file): tuple_assignment_solution
2025-03-12 21:04:49,748 - Organizer - INFO - Processing File or Folder:Signature.png
2025-03-12 21:04:49,748 - Organizer - INFO - Processing File or Folder:sql_load
2025-03-12 21:04:49,748 - Organizer - WARNING - Skipped (Not a file): sql_load
2025-03-12 21:04:49,748 - Organizer - INFO - Processing File or Folder:sign-fotor-bg-remover-2023111995234.png
2025-03-12 21:04:49,748 - Organizer - INFO - ✅ Files organized successfully!
2025-03-12 21:10:17,261 - Organizer - INFO - Processing File or Folder:WhatsApp Image 2023-11-20 at 11.59.40 AM.jpeg
2025-03-12 21:10:17,262 - Organizer - INFO - ✅ Moved WhatsApp Image 2023-11-20 at 11.59.40 AM.jpeg -> /Users/shiv/Downloads/Images/WhatsApp Image 2023-11-20 at 11.59.40 AM.jpeg
2025-03-12 21:10:17,262 - Organizer - INFO - Processing File or Folder:Telegram Desktop
2025-03-12 21:10:17,262 - Organizer - WARNING - Skipped (Not a file): Telegram Desktop
2025-03-12 21:10:17,262 - Organizer - INFO - Processing File or Folder:dave-ruck-OqaavL4MpJQ-unsplash.jpg
2025-03-12 21:10:17,263 - Organizer - INFO - ✅ Moved dave-ruck-OqaavL4MpJQ-unsplash.jpg -> /Users/shiv/Downloads/Images/dave-ruck-OqaavL4MpJQ-unsplash.jpg
2025-03-12 21:10:17,263 - Organizer - INFO - Processing File or Folder:spark-3.5.4-bin-hadoop3
2025-03-12 21:10:17,263 - Organizer - WARNING - Skipped (Not a file): spark-3.5.4-bin-hadoop3
2025-03-12 21:10:17,263 - Organizer - INFO - Processing File or Folder:.DS_Store
2025-03-12 21:10:17,263 - Organizer - WARNING - Oops!! File already exists
2025-03-12 21:10:17,263 - Organizer - INFO - Renaming file to avoid overwrite
2025-03-12 21:10:17,264 - Organizer - INFO - ✅ Moved .DS_Store -> /Users/shiv/Downloads/Others/copy_.DS_Store
2025-03-12 21:10:17,264 - Organizer - INFO - Processing File or Folder:assignment_solution
2025-03-12 21:10:17,264 - Organizer - WARNING - Skipped (Not a file): assignment_solution
2025-03-12 21:10:17,264 - Organizer - INFO - Processing File or Folder:10th Marksheet.jpg
2025-03-12 21:10:17,264 - Organizer - INFO - ✅ Moved 10th Marksheet.jpg -> /Users/shiv/Downloads/Images/10th Marksheet.jpg
2025-03-12 21:10:17,264 - Organizer - INFO - Processing File or Folder:bgvandonboardingdocuments
2025-03-12 21:10:17,264 - Organizer - WARNING - Skipped (Not a file): bgvandonboardingdocuments
2025-03-12 21:10:17,264 - Organizer - INFO - Processing File or Folder:IMG_4261.jpg
2025-03-12 21:10:17,266 - Organizer - INFO - ✅ Moved IMG_4261.jpg -> /Users/shiv/Downloads/Images/IMG_4261.jpg
2025-03-12 21:10:17,266 - Organizer - INFO - Processing File or Folder:10th Certificate.jpg
2025-03-12 21:10:17,266 - Organizer - INFO - ✅ Moved 10th Certificate.jpg -> /Users/shiv/Downloads/Images/10th Certificate.jpg
2025-03-12 21:10:17,266 - Organizer - INFO - Processing File or Folder:PAN_Shivam.jpg
2025-03-12 21:10:17,267 - Organizer - INFO - ✅ Moved PAN_Shivam.jpg -> /Users/shiv/Downloads/Images/PAN_Shivam.jpg
2025-03-12 21:10:17,267 - Organizer - INFO - Processing File or Folder:set_assignments_solution
2025-03-12 21:10:17,267 - Organizer - WARNING - Skipped (Not a file): set_assignments_solution
2025-03-12 21:10:17,267 - Organizer - INFO - Processing File or Folder:11zon_compressed-PDF
2025-03-12 21:10:17,267 - Organizer - WARNING - Skipped (Not a file): 11zon_compressed-PDF
2025-03-12 21:10:17,267 - Organizer - INFO - Processing File or Folder:Others
2025-03-12 21:10:17,267 - Organizer - WARNING - Skipped (Not a file): Others
2025-03-12 21:10:17,267 - Organizer - INFO - Processing File or Folder:12th Certificate.jpg
2025-03-12 21:10:17,267 - Organizer - INFO - ✅ Moved 12th Certificate.jpg -> /Users/shiv/Downloads/Images/12th Certificate.jpg
2025-03-12 21:10:17,267 - Organizer - INFO - Processing File or Folder:Archives
2025-03-12 21:10:17,267 - Organizer - WARNING - Skipped (Not a file): Archives
2025-03-12 21:10:17,267 - Organizer - INFO - Processing File or Folder:Class Files
2025-03-12 21:10:17,267 - Organizer - WARNING - Skipped (Not a file): Class Files
2025-03-12 21:10:17,267 - Organizer - INFO - Processing File or Folder:sign.jpg
2025-03-12 21:10:17,267 - Organizer - INFO - ✅ Moved sign.jpg -> /Users/shiv/Downloads/Images/sign.jpg
2025-03-12 21:10:17,267 - Organizer - INFO - Processing File or Folder:list_assignment_solution
2025-03-12 21:10:17,267 - Organizer - WARNING - Skipped (Not a file): list_assignment_solution
2025-03-12 21:10:17,267 - Organizer - INFO - Processing File or Folder:Wallpapers
2025-03-12 21:10:17,267 - Organizer - WARNING - Skipped (Not a file): Wallpapers
2025-03-12 21:10:17,267 - Organizer - INFO - Processing File or Folder:csv_files
2025-03-12 21:10:17,267 - Organizer - WARNING - Skipped (Not a file): csv_files
2025-03-12 21:10:17,267 - Organizer - INFO - Processing File or Folder:Ex_Files_Python_Data_Analysis
2025-03-12 21:10:17,267 - Organizer - WARNING - Skipped (Not a file): Ex_Files_Python_Data_Analysis
2025-03-12 21:10:17,267 - Organizer - INFO - Processing File or Folder:Signature (1).png
2025-03-12 21:10:17,268 - Organizer - INFO - ✅ Moved Signature (1).png -> /Users/shiv/Downloads/Images/Signature (1).png
2025-03-12 21:10:17,268 - Organizer - INFO - Processing File or Folder:29.12.23 Topic Modelling
2025-03-12 21:10:17,268 - Organizer - WARNING - Skipped (Not a file): 29.12.23 Topic Modelling
2025-03-12 21:10:17,268 - Organizer - INFO - Processing File or Folder:daniele-levis-pelusi-jTknOGI18us-unsplash.jpg
2025-03-12 21:10:17,268 - Organizer - INFO - ✅ Moved daniele-levis-pelusi-jTknOGI18us-unsplash.jpg -> /Users/shiv/Downloads/Images/daniele-levis-pelusi-jTknOGI18us-unsplash.jpg
2025-03-12 21:10:17,268 - Organizer - INFO - Processing File or Folder:assignment_solutions
2025-03-12 21:10:17,268 - Organizer - WARNING - Skipped (Not a file): assignment_solutions
2025-03-12 21:10:17,268 - Organizer - INFO - Processing File or Folder:Documents
2025-03-12 21:10:17,268 - Organizer - WARNING - Skipped (Not a file): Documents
2025-03-12 21:10:17,268 - Organizer - INFO - Processing File or Folder:IMG_8872.JPG
2025-03-12 21:10:17,268 - Organizer - INFO - ✅ Moved IMG_8872.JPG -> /Users/shiv/Downloads/Images/IMG_8872.JPG
2025-03-12 21:10:17,268 - Organizer - INFO - Processing File or Folder:12th Marksheet.jpg
2025-03-12 21:10:17,268 - Organizer - INFO - ✅ Moved 12th Marksheet.jpg -> /Users/shiv/Downloads/Images/12th Marksheet.jpg
2025-03-12 21:10:17,268 - Organizer - INFO - Processing File or Folder:tuple_assignment_solution
2025-03-12 21:10:17,268 - Organizer - WARNING - Skipped (Not a file): tuple_assignment_solution
2025-03-12 21:10:17,268 - Organizer - INFO - Processing File or Folder:Signature.png
2025-03-12 21:10:17,269 - Organizer - INFO - ✅ Moved Signature.png -> /Users/shiv/Downloads/Images/Signature.png
2025-03-12 21:10:17,269 - Organizer - INFO - Processing File or Folder:sql_load
2025-03-12 21:10:17,269 - Organizer - WARNING - Skipped (Not a file): sql_load
2025-03-12 21:10:17,269 - Organizer - INFO - Processing File or Folder:sign-fotor-bg-remover-2023111995234.png
2025-03-12 21:10:17,269 - Organizer - INFO - ✅ Moved sign-fotor-bg-remover-2023111995234.png -> /Users/shiv/Downloads/Images/sign-fotor-bg-remover-2023111995234.png
2025-03-12 21:10:17,269 - Organizer - INFO - ✅ Files organized successfully!
