2025-03-12 12:45:02,498 - Organizer - INFO - File or Folder:WhatsApp Image 2023-11-20 at 11.59.40 AM.jpeg
2025-03-12 12:45:02,499 - Organizer - INFO - File or Folder:Telegram Desktop
2025-03-12 12:45:02,499 - Organizer - INFO - File or Folder:dave-ruck-OqaavL4MpJQ-unsplash.jpg
2025-03-12 12:45:02,501 - Organizer - INFO - File or Folder:spark-3.5.4-bin-hadoop3
2025-03-12 12:45:02,501 - Organizer - INFO - File or Folder:assignment_solution
2025-03-12 12:45:02,501 - Organizer - INFO - File or Folder:10th Marksheet.jpg
2025-03-12 12:45:02,502 - Organizer - INFO - File or Folder:bgvandonboardingdocuments
2025-03-12 12:45:02,502 - Organizer - INFO - File or Folder:IMG_4261.jpg
2025-03-12 12:45:02,502 - Organizer - INFO - File or Folder:10th Certificate.jpg
2025-03-12 12:45:02,502 - Organizer - INFO - File or Folder:PAN_Shivam.jpg
2025-03-12 12:45:02,503 - Organizer - INFO - File or Folder:Images
2025-03-12 12:45:02,503 - Organizer - INFO - File or Folder:set_assignments_solution
2025-03-12 12:45:02,503 - Organizer - INFO - File or Folder:11zon_compressed-PDF
2025-03-12 12:45:02,503 - Organizer - INFO - File or Folder:Others
2025-03-12 12:45:02,503 - Organizer - INFO - File or Folder:12th Certificate.jpg
2025-03-12 12:45:02,503 - Organizer - INFO - File or Folder:Archives
2025-03-12 12:45:02,503 - Organizer - INFO - File or Folder:Class Files
2025-03-12 12:45:02,503 - Organizer - INFO - File or Folder:sign.jpg
2025-03-12 12:45:02,503 - Organizer - INFO - File or Folder:list_assignment_solution
2025-03-12 12:45:02,503 - Organizer - INFO - File or Folder:Wallpapers
2025-03-12 12:45:02,503 - Organizer - INFO - File or Folder:csv_files
2025-03-12 12:45:02,503 - Organizer - INFO - File or Folder:Ex_Files_Python_Data_Analysis
2025-03-12 12:45:02,503 - Organizer - INFO - File or Folder:Signature (1).png
2025-03-12 12:45:02,504 - Organizer - INFO - File or Folder:29.12.23 Topic Modelling
2025-03-12 12:45:02,504 - Organizer - INFO - File or Folder:daniele-levis-pelusi-jTknOGI18us-unsplash.jpg
2025-03-12 12:45:02,504 - Organizer - INFO - File or Folder:assignment_solutions
2025-03-12 12:45:02,504 - Organizer - INFO - File or Folder:Documents
2025-03-12 12:45:02,504 - Organizer - INFO - File or Folder:IMG_8872.JPG
2025-03-12 12:45:02,504 - Organizer - INFO - File or Folder:12th Marksheet.jpg
2025-03-12 12:45:02,504 - Organizer - INFO - File or Folder:tuple_assignment_solution
2025-03-12 12:45:02,505 - Organizer - INFO - File or Folder:Signature.png
2025-03-12 12:45:02,505 - Organizer - INFO - File or Folder:sql_load
2025-03-12 12:45:02,505 - Organizer - INFO - File or Folder:sign-fotor-bg-remover-2023111995234.png
